Console Error: Failed to load resource: the server responded with a status of 400 (Bad Request)       
----------------------------------
Console Error: [2026-02-15T16:51:24.206Z] Error: Failed to complete negotiation with the server: Error: Bad Request: Status code '400'       
----------------------------------
Console Error: [2026-02-15T16:51:24.209Z] Error: Failed to start the connection: Error: Failed to complete negotiation with the server: Error: Bad Request: Status code '400'       
----------------------------------
Console Error: Failed to load resource: net::ERR_CERT_DATE_INVALID       
----------------------------------
Console Error: [2026-02-15T16:51:24.529Z] Error: Failed to complete negotiation with the server: TypeError: Failed to fetch       
----------------------------------
Console Error: [2026-02-15T16:51:24.529Z] Error: Failed to start the connection: Error: Failed to complete negotiation with the server: TypeError: Failed to fetch       
----------------------------------
Console Error: Failed to load resource: the server responded with a status of 504 (Gateway Timeout)       
----------------------------------
Console Error: [2026-02-15T16:51:27.659Z] Error: Failed to complete negotiation with the server: Error: Gateway Timeout: Status code '504'       
----------------------------------
Console Error: [2026-02-15T16:51:27.660Z] Error: Failed to start the connection: Error: Failed to complete negotiation with the server: Error: Gateway Timeout: Status code '504'       
----------------------------------
Console Error: Failed to load resource: the server responded with a status of 400 (Bad Request)       
----------------------------------
Console Error: [2026-02-15T16:51:27.661Z] Error: Failed to complete negotiation with the server: Error: Bad Request: Status code '400'       
----------------------------------
Console Error: [2026-02-15T16:51:27.661Z] Error: Failed to start the connection: Error: Failed to complete negotiation with the server: Error: Bad Request: Status code '400'       
----------------------------------
Console Error: Failed to load resource: the server responded with a status of 400 (Bad Request)       
----------------------------------
Console Error: [2026-02-15T16:57:55.295Z] Error: Failed to complete negotiation with the server: Error: Bad Request: Status code '400'       
----------------------------------
Console Error: [2026-02-15T16:57:55.297Z] Error: Failed to start the connection: Error: Failed to complete negotiation with the server: Error: Bad Request: Status code '400'       
----------------------------------
Console Error: Failed to load resource: net::ERR_CERT_DATE_INVALID       
----------------------------------
Console Error: [2026-02-15T16:57:55.641Z] Error: Failed to complete negotiation with the server: TypeError: Failed to fetch       
----------------------------------
Console Error: [2026-02-15T16:57:55.641Z] Error: Failed to start the connection: Error: Failed to complete negotiation with the server: TypeError: Failed to fetch       
----------------------------------
Console Error: Failed to load resource: the server responded with a status of 400 (Bad Request)       
----------------------------------
Console Error: [2026-02-15T16:57:59.236Z] Error: Failed to complete negotiation with the server: Error: Bad Request: Status code '400'       
----------------------------------
Console Error: [2026-02-15T16:57:59.236Z] Error: Failed to start the connection: Error: Failed to complete negotiation with the server: Error: Bad Request: Status code '400'       
----------------------------------
Console Error: Failed to load resource: the server responded with a status of 504 (Gateway Timeout)       
----------------------------------
Console Error: [2026-02-15T16:57:59.238Z] Error: Failed to complete negotiation with the server: Error: Gateway Timeout: Status code '504'       
----------------------------------
Console Error: [2026-02-15T16:57:59.238Z] Error: Failed to start the connection: Error: Failed to complete negotiation with the server: Error: Gateway Timeout: Status code '504'       
----------------------------------
Console Error: Failed to load resource: the server responded with a status of 400 (Bad Request)       
----------------------------------
Console Error: [2026-02-15T17:09:27.077Z] Error: Failed to complete negotiation with the server: Error: Bad Request: Status code '400'       
----------------------------------
Console Error: [2026-02-15T17:09:27.079Z] Error: Failed to start the connection: Error: Failed to complete negotiation with the server: Error: Bad Request: Status code '400'       
----------------------------------
Console Error: Failed to load resource: net::ERR_CERT_DATE_INVALID       
----------------------------------
Console Error: [2026-02-15T17:09:27.194Z] Error: Failed to complete negotiation with the server: TypeError: Failed to fetch       
----------------------------------
Console Error: [2026-02-15T17:09:27.195Z] Error: Failed to start the connection: Error: Failed to complete negotiation with the server: TypeError: Failed to fetch       
----------------------------------
Console Error: Failed to load resource: the server responded with a status of 504 (Gateway Timeout)       
----------------------------------
Console Error: [2026-02-15T17:09:30.498Z] Error: Failed to complete negotiation with the server: Error: Gateway Timeout: Status code '504'       
----------------------------------
Console Error: [2026-02-15T17:09:30.498Z] Error: Failed to start the connection: Error: Failed to complete negotiation with the server: Error: Gateway Timeout: Status code '504'       
----------------------------------
Console Error: Failed to load resource: the server responded with a status of 400 (Bad Request)       
----------------------------------
Console Error: [2026-02-15T17:09:30.500Z] Error: Failed to complete negotiation with the server: Error: Bad Request: Status code '400'       
----------------------------------
Console Error: [2026-02-15T17:09:30.500Z] Error: Failed to start the connection: Error: Failed to complete negotiation with the server: Error: Bad Request: Status code '400'       
----------------------------------
Console Error: Failed to load resource: the server responded with a status of 400 (Bad Request)       
----------------------------------
Console Error: [2026-02-15T17:16:25.211Z] Error: Failed to complete negotiation with the server: Error: Bad Request: Status code '400'       
----------------------------------
Console Error: [2026-02-15T17:16:25.213Z] Error: Failed to start the connection: Error: Failed to complete negotiation with the server: Error: Bad Request: Status code '400'       
----------------------------------
Console Error: Failed to load resource: net::ERR_CERT_DATE_INVALID       
----------------------------------
Console Error: [2026-02-15T17:16:25.624Z] Error: Failed to complete negotiation with the server: TypeError: Failed to fetch       
----------------------------------
Console Error: [2026-02-15T17:16:25.625Z] Error: Failed to start the connection: Error: Failed to complete negotiation with the server: TypeError: Failed to fetch       
----------------------------------
Console Error: Failed to load resource: the server responded with a status of 400 (Bad Request)       
----------------------------------
Console Error: [2026-02-15T17:16:29.255Z] Error: Failed to complete negotiation with the server: Error: Bad Request: Status code '400'       
----------------------------------
Console Error: [2026-02-15T17:16:29.255Z] Error: Failed to start the connection: Error: Failed to complete negotiation with the server: Error: Bad Request: Status code '400'       
----------------------------------
Console Error: Failed to load resource: the server responded with a status of 504 (Gateway Timeout)       
----------------------------------
Console Error: [2026-02-15T17:16:29.259Z] Error: Failed to complete negotiation with the server: Error: Gateway Timeout: Status code '504'       
----------------------------------
Console Error: [2026-02-15T17:16:29.259Z] Error: Failed to start the connection: Error: Failed to complete negotiation with the server: Error: Gateway Timeout: Status code '504'       
----------------------------------
Console Error: Failed to load resource: the server responded with a status of 400 (Bad Request)       
----------------------------------
Console Error: [2026-02-15T18:23:10.914Z] Error: Failed to complete negotiation with the server: Error: Bad Request: Status code '400'       
----------------------------------
Console Error: [2026-02-15T18:23:10.917Z] Error: Failed to start the connection: Error: Failed to complete negotiation with the server: Error: Bad Request: Status code '400'       
----------------------------------
Console Error: Failed to load resource: net::ERR_CERT_DATE_INVALID       
----------------------------------
Console Error: [2026-02-15T18:23:11.374Z] Error: Failed to complete negotiation with the server: TypeError: Failed to fetch       
----------------------------------
Console Error: [2026-02-15T18:23:11.374Z] Error: Failed to start the connection: Error: Failed to complete negotiation with the server: TypeError: Failed to fetch       
----------------------------------
Console Error: Failed to load resource: the server responded with a status of 504 (Gateway Timeout)       
----------------------------------
Console Error: [2026-02-15T18:23:15.630Z] Error: Failed to complete negotiation with the server: Error: Gateway Timeout: Status code '504'       
----------------------------------
Console Error: [2026-02-15T18:23:15.630Z] Error: Failed to start the connection: Error: Failed to complete negotiation with the server: Error: Gateway Timeout: Status code '504'       
----------------------------------
Console Error: Failed to load resource: the server responded with a status of 400 (Bad Request)       
----------------------------------
Console Error: [2026-02-15T18:23:15.636Z] Error: Failed to complete negotiation with the server: Error: Bad Request: Status code '400'       
----------------------------------
Console Error: [2026-02-15T18:23:15.636Z] Error: Failed to start the connection: Error: Failed to complete negotiation with the server: Error: Bad Request: Status code '400'       
----------------------------------
Console Error: Failed to load resource: the server responded with a status of 400 (Bad Request)       
----------------------------------
Console Error: [2026-02-15T18:27:14.817Z] Error: Failed to complete negotiation with the server: Error: Bad Request: Status code '400'       
----------------------------------
Console Error: [2026-02-15T18:27:14.819Z] Error: Failed to start the connection: Error: Failed to complete negotiation with the server: Error: Bad Request: Status code '400'       
----------------------------------
Console Error: Failed to load resource: net::ERR_CERT_DATE_INVALID       
----------------------------------
Console Error: [2026-02-15T18:27:14.851Z] Error: Failed to complete negotiation with the server: TypeError: Failed to fetch       
----------------------------------
Console Error: [2026-02-15T18:27:14.851Z] Error: Failed to start the connection: Error: Failed to complete negotiation with the server: TypeError: Failed to fetch       
----------------------------------
Console Error: Failed to load resource: the server responded with a status of 504 (Gateway Timeout)       
----------------------------------
Console Error: [2026-02-15T18:27:19.232Z] Error: Failed to complete negotiation with the server: Error: Gateway Timeout: Status code '504'       
----------------------------------
Console Error: [2026-02-15T18:27:19.232Z] Error: Failed to start the connection: Error: Failed to complete negotiation with the server: Error: Gateway Timeout: Status code '504'       
----------------------------------
Console Error: Failed to load resource: the server responded with a status of 400 (Bad Request)       
----------------------------------
Console Error: [2026-02-15T18:27:19.234Z] Error: Failed to complete negotiation with the server: Error: Bad Request: Status code '400'       
----------------------------------
Console Error: [2026-02-15T18:27:19.234Z] Error: Failed to start the connection: Error: Failed to complete negotiation with the server: Error: Bad Request: Status code '400'       
----------------------------------
Console Error: Failed to load resource: net::ERR_CERT_DATE_INVALID       
----------------------------------
Console Error: [2026-02-15T18:29:56.088Z] Error: Failed to complete negotiation with the server: TypeError: Failed to fetch       
----------------------------------
Console Error: [2026-02-15T18:29:56.089Z] Error: Failed to start the connection: Error: Failed to complete negotiation with the server: TypeError: Failed to fetch       
----------------------------------
Console Error: Failed to load resource: the server responded with a status of 400 (Bad Request)       
----------------------------------
Console Error: [2026-02-15T18:29:56.189Z] Error: Failed to complete negotiation with the server: Error: Bad Request: Status code '400'       
----------------------------------
Console Error: [2026-02-15T18:29:56.190Z] Error: Failed to start the connection: Error: Failed to complete negotiation with the server: Error: Bad Request: Status code '400'       
----------------------------------
Console Error: Failed to load resource: the server responded with a status of 504 (Gateway Timeout)       
----------------------------------
Console Error: [2026-02-15T18:30:00.923Z] Error: Failed to complete negotiation with the server: Error: Gateway Timeout: Status code '504'       
----------------------------------
Console Error: [2026-02-15T18:30:00.924Z] Error: Failed to start the connection: Error: Failed to complete negotiation with the server: Error: Gateway Timeout: Status code '504'       
----------------------------------
Console Error: Failed to load resource: the server responded with a status of 400 (Bad Request)       
----------------------------------
Console Error: [2026-02-15T18:30:00.964Z] Error: Failed to complete negotiation with the server: Error: Bad Request: Status code '400'       
----------------------------------
Console Error: [2026-02-15T18:30:00.964Z] Error: Failed to start the connection: Error: Failed to complete negotiation with the server: Error: Bad Request: Status code '400'       
----------------------------------
Console Error: Failed to load resource: net::ERR_CERT_DATE_INVALID       
----------------------------------
Console Error: [2026-02-15T18:45:19.330Z] Error: Failed to complete negotiation with the server: TypeError: Failed to fetch       
----------------------------------
Console Error: [2026-02-15T18:45:19.331Z] Error: Failed to start the connection: Error: Failed to complete negotiation with the server: TypeError: Failed to fetch       
----------------------------------
Console Error: Failed to load resource: the server responded with a status of 400 (Bad Request)       
----------------------------------
Console Error: [2026-02-15T18:45:19.334Z] Error: Failed to complete negotiation with the server: Error: Bad Request: Status code '400'       
----------------------------------
Console Error: [2026-02-15T18:45:19.334Z] Error: Failed to start the connection: Error: Failed to complete negotiation with the server: Error: Bad Request: Status code '400'       
----------------------------------
Console Error: Failed to load resource: the server responded with a status of 400 (Bad Request)       
----------------------------------
Console Error: [2026-02-15T18:45:23.858Z] Error: Failed to complete negotiation with the server: Error: Bad Request: Status code '400'       
----------------------------------
Console Error: [2026-02-15T18:45:23.858Z] Error: Failed to start the connection: Error: Failed to complete negotiation with the server: Error: Bad Request: Status code '400'       
----------------------------------
Console Error: Failed to load resource: the server responded with a status of 504 (Gateway Timeout)       
----------------------------------
Console Error: [2026-02-15T18:45:23.871Z] Error: Failed to complete negotiation with the server: Error: Gateway Timeout: Status code '504'       
----------------------------------
Console Error: [2026-02-15T18:45:23.871Z] Error: Failed to start the connection: Error: Failed to complete negotiation with the server: Error: Gateway Timeout: Status code '504'       
----------------------------------
Console Error: Failed to load resource: the server responded with a status of 400 (Bad Request)       
----------------------------------
Console Error: Failed to load resource: net::ERR_CERT_DATE_INVALID       
----------------------------------
Console Error: [2026-02-15T18:55:29.113Z] Error: Failed to complete negotiation with the server: TypeError: Failed to fetch       
----------------------------------
Console Error: [2026-02-15T18:55:29.114Z] Error: Failed to start the connection: Error: Failed to complete negotiation with the server: TypeError: Failed to fetch       
----------------------------------
Console Error: [2026-02-15T18:55:29.115Z] Error: Failed to complete negotiation with the server: Error: Bad Request: Status code '400'       
----------------------------------
Console Error: [2026-02-15T18:55:29.115Z] Error: Failed to start the connection: Error: Failed to complete negotiation with the server: Error: Bad Request: Status code '400'       
----------------------------------
Console Error: Failed to load resource: the server responded with a status of 400 (Bad Request)       
----------------------------------
Console Error: [2026-02-15T18:55:33.885Z] Error: Failed to complete negotiation with the server: Error: Bad Request: Status code '400'       
----------------------------------
Console Error: [2026-02-15T18:55:33.885Z] Error: Failed to start the connection: Error: Failed to complete negotiation with the server: Error: Bad Request: Status code '400'       
----------------------------------
Console Error: Failed to load resource: the server responded with a status of 504 (Gateway Timeout)       
----------------------------------
Console Error: [2026-02-15T18:55:33.887Z] Error: Failed to complete negotiation with the server: Error: Gateway Timeout: Status code '504'       
----------------------------------
Console Error: [2026-02-15T18:55:33.887Z] Error: Failed to start the connection: Error: Failed to complete negotiation with the server: Error: Gateway Timeout: Status code '504'       
----------------------------------
