Console Error: Failed to load resource: the server responded with a status of 400 (Bad Request)       
----------------------------------
Console Error: [2026-02-15T19:15:58.248Z] Error: Failed to complete negotiation with the server: Error: Bad Request: Status code '400'       
----------------------------------
Console Error: [2026-02-15T19:15:58.250Z] Error: Failed to start the connection: Error: Failed to complete negotiation with the server: Error: Bad Request: Status code '400'       
----------------------------------
Console Error: Failed to load resource: net::ERR_CERT_DATE_INVALID       
----------------------------------
Console Error: [2026-02-15T19:15:58.548Z] Error: Failed to complete negotiation with the server: TypeError: Failed to fetch       
----------------------------------
Console Error: [2026-02-15T19:15:58.548Z] Error: Failed to start the connection: Error: Failed to complete negotiation with the server: TypeError: Failed to fetch       
----------------------------------
Console Error: Failed to load resource: the server responded with a status of 400 (Bad Request)       
----------------------------------
Console Error: [2026-02-15T19:16:02.872Z] Error: Failed to complete negotiation with the server: Error: Bad Request: Status code '400'       
----------------------------------
Console Error: [2026-02-15T19:16:02.873Z] Error: Failed to start the connection: Error: Failed to complete negotiation with the server: Error: Bad Request: Status code '400'       
----------------------------------
Console Error: Failed to load resource: the server responded with a status of 504 (Gateway Timeout)       
----------------------------------
Console Error: [2026-02-15T19:16:02.889Z] Error: Failed to complete negotiation with the server: Error: Gateway Timeout: Status code '504'       
----------------------------------
Console Error: [2026-02-15T19:16:02.889Z] Error: Failed to start the connection: Error: Failed to complete negotiation with the server: Error: Gateway Timeout: Status code '504'       
----------------------------------
Console Error: Failed to load resource: the server responded with a status of 400 (Bad Request)       
----------------------------------
Console Error: [2026-02-15T19:20:49.207Z] Error: Failed to complete negotiation with the server: Error: Bad Request: Status code '400'       
----------------------------------
Console Error: [2026-02-15T19:20:49.208Z] Error: Failed to start the connection: Error: Failed to complete negotiation with the server: Error: Bad Request: Status code '400'       
----------------------------------
Console Error: Failed to load resource: net::ERR_CERT_DATE_INVALID       
----------------------------------
Console Error: [2026-02-15T19:20:49.542Z] Error: Failed to complete negotiation with the server: TypeError: Failed to fetch       
----------------------------------
Console Error: [2026-02-15T19:20:49.542Z] Error: Failed to start the connection: Error: Failed to complete negotiation with the server: TypeError: Failed to fetch       
----------------------------------
Console Error: Failed to load resource: the server responded with a status of 504 (Gateway Timeout)       
----------------------------------
Console Error: [2026-02-15T19:20:52.853Z] Error: Failed to complete negotiation with the server: Error: Gateway Timeout: Status code '504'       
----------------------------------
Console Error: [2026-02-15T19:20:52.853Z] Error: Failed to start the connection: Error: Failed to complete negotiation with the server: Error: Gateway Timeout: Status code '504'       
----------------------------------
Console Error: Failed to load resource: the server responded with a status of 400 (Bad Request)       
----------------------------------
Console Error: [2026-02-15T19:20:52.855Z] Error: Failed to complete negotiation with the server: Error: Bad Request: Status code '400'       
----------------------------------
Console Error: [2026-02-15T19:20:52.856Z] Error: Failed to start the connection: Error: Failed to complete negotiation with the server: Error: Bad Request: Status code '400'       
----------------------------------
Console Error: Failed to load resource: the server responded with a status of 400 (Bad Request)       
----------------------------------
Console Error: [2026-02-15T19:27:13.197Z] Error: Failed to complete negotiation with the server: Error: Bad Request: Status code '400'       
----------------------------------
Console Error: [2026-02-15T19:27:13.200Z] Error: Failed to start the connection: Error: Failed to complete negotiation with the server: Error: Bad Request: Status code '400'       
----------------------------------
Console Error: Failed to load resource: net::ERR_CERT_DATE_INVALID       
----------------------------------
Console Error: [2026-02-15T19:27:13.482Z] Error: Failed to complete negotiation with the server: TypeError: Failed to fetch       
----------------------------------
Console Error: [2026-02-15T19:27:13.482Z] Error: Failed to start the connection: Error: Failed to complete negotiation with the server: TypeError: Failed to fetch       
----------------------------------
Console Error: Failed to load resource: the server responded with a status of 400 (Bad Request)       
----------------------------------
Console Error: [2026-02-15T19:27:17.233Z] Error: Failed to complete negotiation with the server: Error: Bad Request: Status code '400'       
----------------------------------
Console Error: [2026-02-15T19:27:17.233Z] Error: Failed to start the connection: Error: Failed to complete negotiation with the server: Error: Bad Request: Status code '400'       
----------------------------------
Console Error: Failed to load resource: the server responded with a status of 504 (Gateway Timeout)       
----------------------------------
Console Error: [2026-02-15T19:27:17.234Z] Error: Failed to complete negotiation with the server: Error: Gateway Timeout: Status code '504'       
----------------------------------
Console Error: [2026-02-15T19:27:17.235Z] Error: Failed to start the connection: Error: Failed to complete negotiation with the server: Error: Gateway Timeout: Status code '504'       
----------------------------------
Console Error: Failed to load resource: the server responded with a status of 400 (Bad Request)       
----------------------------------
Console Error: [2026-02-15T19:35:26.142Z] Error: Failed to complete negotiation with the server: Error: Bad Request: Status code '400'       
----------------------------------
Console Error: [2026-02-15T19:35:26.143Z] Error: Failed to start the connection: Error: Failed to complete negotiation with the server: Error: Bad Request: Status code '400'       
----------------------------------
Console Error: Failed to load resource: net::ERR_CERT_DATE_INVALID       
----------------------------------
Console Error: [2026-02-15T19:35:26.527Z] Error: Failed to complete negotiation with the server: TypeError: Failed to fetch       
----------------------------------
Console Error: [2026-02-15T19:35:26.527Z] Error: Failed to start the connection: Error: Failed to complete negotiation with the server: TypeError: Failed to fetch       
----------------------------------
Console Error: Failed to load resource: the server responded with a status of 504 (Gateway Timeout)       
----------------------------------
Console Error: [2026-02-15T19:35:29.890Z] Error: Failed to complete negotiation with the server: Error: Gateway Timeout: Status code '504'       
----------------------------------
Console Error: [2026-02-15T19:35:29.890Z] Error: Failed to start the connection: Error: Failed to complete negotiation with the server: Error: Gateway Timeout: Status code '504'       
----------------------------------
Console Error: Failed to load resource: the server responded with a status of 400 (Bad Request)       
----------------------------------
Console Error: [2026-02-15T19:35:29.892Z] Error: Failed to complete negotiation with the server: Error: Bad Request: Status code '400'       
----------------------------------
Console Error: [2026-02-15T19:35:29.892Z] Error: Failed to start the connection: Error: Failed to complete negotiation with the server: Error: Bad Request: Status code '400'       
----------------------------------
Console Error: Failed to load resource: net::ERR_CERT_DATE_INVALID       
----------------------------------
Console Error: [2026-02-15T20:04:49.971Z] Error: Failed to complete negotiation with the server: TypeError: Failed to fetch       
----------------------------------
Console Error: [2026-02-15T20:04:49.972Z] Error: Failed to start the connection: Error: Failed to complete negotiation with the server: TypeError: Failed to fetch       
----------------------------------
Console Error: Failed to load resource: the server responded with a status of 400 (Bad Request)       
----------------------------------
Console Error: [2026-02-15T20:04:49.975Z] Error: Failed to complete negotiation with the server: Error: Bad Request: Status code '400'       
----------------------------------
Console Error: [2026-02-15T20:04:49.976Z] Error: Failed to start the connection: Error: Failed to complete negotiation with the server: Error: Bad Request: Status code '400'       
----------------------------------
Console Error: Failed to load resource: the server responded with a status of 504 (Gateway Timeout)       
----------------------------------
Console Error: [2026-02-15T20:05:13.651Z] Error: Failed to complete negotiation with the server: Error: Gateway Timeout: Status code '504'       
----------------------------------
Console Error: [2026-02-15T20:05:13.652Z] Error: Failed to start the connection: Error: Failed to complete negotiation with the server: Error: Gateway Timeout: Status code '504'       
----------------------------------
Console Error: Failed to load resource: the server responded with a status of 400 (Bad Request)       
----------------------------------
Console Error: [2026-02-15T20:05:13.658Z] Error: Failed to complete negotiation with the server: Error: Bad Request: Status code '400'       
----------------------------------
Console Error: [2026-02-15T20:05:13.658Z] Error: Failed to start the connection: Error: Failed to complete negotiation with the server: Error: Bad Request: Status code '400'       
----------------------------------
